** WARNING ** io features related to pcap will be disabled
** WARNING ** io features related to png will be disabled
** WARNING ** io features related to libusb-1.0 will be disabled
In file included from [01m[K/usr/include/pcl-1.10/pcl/octree/octree_base.h:45[m[K,
                 from [01m[K/usr/include/pcl-1.10/pcl/octree/octree_pointcloud.h:41[m[K,
                 from [01m[K/usr/include/pcl-1.10/pcl/octree/octree_search.h:43[m[K,
                 from [01m[K/usr/include/pcl-1.10/pcl/search/octree.h:42[m[K,
                 from [01m[K/usr/include/pcl-1.10/pcl/search/pcl_search.h:44[m[K,
                 from [01m[K/usr/include/pcl-1.10/pcl/filters/statistical_outlier_removal.h:43[m[K,
                 from [01m[K/home/asl-bird/catkin_ws/src/pcl_processing/src/pointcloud_processor.cpp:6[m[K:
[01m[K/usr/include/pcl-1.10/pcl/octree/octree_key.h:155:9:[m[K [01;35m[Kwarning: [m[KISO C++ prohibits anonymous structs [[01;35m[K-Wpedantic[m[K]
  155 |         [01;35m[K}[m[K;
      |         [01;35m[K^[m[K
/usr/bin/ld: CMakeFiles/pointcloud_processor.dir/src/pointcloud_processor.cpp.o:(.data.rel.ro._ZTVN3pcl25StatisticalOutlierRemovalINS_8PointXYZEEE[_ZTVN3pcl25StatisticalOutlierRemovalINS_8PointXYZEEE]+0x48): undefined reference to `pcl::StatisticalOutlierRemoval<pcl::PointXYZ>::applyFilter(pcl::PointCloud<pcl::PointXYZ>&)'
/usr/bin/ld: CMakeFiles/pointcloud_processor.dir/src/pointcloud_processor.cpp.o: in function `pcl::StatisticalOutlierRemoval<pcl::PointXYZ>::applyFilter(std::vector<int, std::allocator<int> >&)':
pointcloud_processor.cpp:(.text._ZN3pcl25StatisticalOutlierRemovalINS_8PointXYZEE11applyFilterERSt6vectorIiSaIiEE[_ZN3pcl25StatisticalOutlierRemovalINS_8PointXYZEE11applyFilterERSt6vectorIiSaIiEE]+0x18): undefined reference to `pcl::StatisticalOutlierRemoval<pcl::PointXYZ>::applyFilterIndices(std::vector<int, std::allocator<int> >&)'
collect2: error: ld returned 1 exit status
make[2]: *** [CMakeFiles/pointcloud_processor.dir/build.make:191: pointcloud_processor] Error 1
make[1]: *** [CMakeFiles/Makefile2:78: CMakeFiles/pointcloud_processor.dir/all] Error 2
make: *** [Makefile:141: all] Error 2
