[1.846s] DEBUG:colcon:Command line arguments: ['/usr/bin/colcon', 'build', '--packages-select', 'pcl_processing']
[1.847s] DEBUG:colcon:Parsed command line arguments: Namespace(allow_overriding=[], ament_cmake_args=None, base_paths=['.'], build_base='build', catkin_cmake_args=None, catkin_skip_building_tests=False, cmake_args=None, cmake_clean_cache=False, cmake_clean_first=False, cmake_force_configure=False, cmake_target=None, cmake_target_skip_unavailable=False, continue_on_error=False, event_handlers=None, executor='parallel', ignore_user_meta=False, install_base='install', log_base=None, log_level=None, main=<bound method BuildVerb.main of <colcon_core.verb.build.BuildVerb object at 0xffffba081940>>, merge_install=False, metas=['./colcon.meta'], packages_above=None, packages_above_and_dependencies=None, packages_above_depth=None, packages_end=None, packages_ignore=None, packages_ignore_regex=None, packages_select=['pcl_processing'], packages_select_build_failed=False, packages_select_by_dep=None, packages_select_regex=None, packages_select_test_failures=False, packages_skip=None, packages_skip_build_finished=False, packages_skip_by_dep=None, packages_skip_regex=None, packages_skip_test_passed=False, packages_skip_up_to=None, packages_start=None, packages_up_to=None, packages_up_to_regex=None, parallel_workers=6, paths=None, symlink_install=False, test_result_base=None, verb_extension=<colcon_core.verb.build.BuildVerb object at 0xffffba081940>, verb_name='build', verb_parser=<colcon_defaults.argument_parser.defaults.DefaultArgumentsDecorator object at 0xffffba081eb0>)
[2.038s] Level 1:colcon.colcon_core.package_discovery:discover_packages(colcon_meta) check parameters
[2.039s] Level 1:colcon.colcon_core.package_discovery:discover_packages(recursive) check parameters
[2.039s] Level 1:colcon.colcon_core.package_discovery:discover_packages(ignore) check parameters
[2.039s] Level 1:colcon.colcon_core.package_discovery:discover_packages(path) check parameters
[2.039s] Level 1:colcon.colcon_core.package_discovery:discover_packages(colcon_meta) discover
[2.040s] Level 1:colcon.colcon_core.package_discovery:discover_packages(recursive) discover
[2.040s] INFO:colcon.colcon_core.package_discovery:Crawling recursively for packages in '/home/asl-bird/catkin_ws/src/pcl_processing'
[2.041s] Level 1:colcon.colcon_core.package_identification:_identify(.) by extensions ['ignore', 'ignore_ament_install']
[2.041s] Level 1:colcon.colcon_core.package_identification:_identify(.) by extension 'ignore'
[2.042s] Level 1:colcon.colcon_core.package_identification:_identify(.) by extension 'ignore_ament_install'
[2.042s] Level 1:colcon.colcon_core.package_identification:_identify(.) by extensions ['colcon_pkg']
[2.042s] Level 1:colcon.colcon_core.package_identification:_identify(.) by extension 'colcon_pkg'
[2.042s] Level 1:colcon.colcon_core.package_identification:_identify(.) by extensions ['colcon_meta']
[2.043s] Level 1:colcon.colcon_core.package_identification:_identify(.) by extension 'colcon_meta'
[2.043s] Level 1:colcon.colcon_core.package_identification:_identify(.) by extensions ['ros']
[2.043s] Level 1:colcon.colcon_core.package_identification:_identify(.) by extension 'ros'
[2.114s] DEBUG:colcon.colcon_core.package_identification:Package '.' with type 'ros.ament_cmake' and name 'pcl_processing'
[2.115s] Level 1:colcon.colcon_core.package_discovery:discover_packages(recursive) using defaults
[2.115s] Level 1:colcon.colcon_core.package_discovery:discover_packages(ignore) discover
[2.115s] Level 1:colcon.colcon_core.package_discovery:discover_packages(ignore) using defaults
[2.115s] Level 1:colcon.colcon_core.package_discovery:discover_packages(path) discover
[2.116s] Level 1:colcon.colcon_core.package_discovery:discover_packages(path) using defaults
[2.230s] Level 1:colcon.colcon_core.package_discovery:discover_packages(prefix_path) check parameters
[2.230s] Level 1:colcon.colcon_core.package_discovery:discover_packages(prefix_path) discover
[2.253s] DEBUG:colcon.colcon_installed_package_information.package_discovery:Found 265 installed packages in /opt/ros/foxy
[2.264s] Level 1:colcon.colcon_core.package_discovery:discover_packages(prefix_path) using defaults
[2.654s] Level 5:colcon.colcon_core.verb:set package 'pcl_processing' build argument 'cmake_args' from command line to 'None'
[2.655s] Level 5:colcon.colcon_core.verb:set package 'pcl_processing' build argument 'cmake_target' from command line to 'None'
[2.655s] Level 5:colcon.colcon_core.verb:set package 'pcl_processing' build argument 'cmake_target_skip_unavailable' from command line to 'False'
[2.655s] Level 5:colcon.colcon_core.verb:set package 'pcl_processing' build argument 'cmake_clean_cache' from command line to 'False'
[2.655s] Level 5:colcon.colcon_core.verb:set package 'pcl_processing' build argument 'cmake_clean_first' from command line to 'False'
[2.655s] Level 5:colcon.colcon_core.verb:set package 'pcl_processing' build argument 'cmake_force_configure' from command line to 'False'
[2.656s] Level 5:colcon.colcon_core.verb:set package 'pcl_processing' build argument 'ament_cmake_args' from command line to 'None'
[2.656s] Level 5:colcon.colcon_core.verb:set package 'pcl_processing' build argument 'catkin_cmake_args' from command line to 'None'
[2.656s] Level 5:colcon.colcon_core.verb:set package 'pcl_processing' build argument 'catkin_skip_building_tests' from command line to 'False'
[2.656s] DEBUG:colcon.colcon_core.verb:Building package 'pcl_processing' with the following arguments: {'ament_cmake_args': None, 'build_base': '/home/asl-bird/catkin_ws/src/pcl_processing/build/pcl_processing', 'catkin_cmake_args': None, 'catkin_skip_building_tests': False, 'cmake_args': None, 'cmake_clean_cache': False, 'cmake_clean_first': False, 'cmake_force_configure': False, 'cmake_target': None, 'cmake_target_skip_unavailable': False, 'install_base': '/home/asl-bird/catkin_ws/src/pcl_processing/install/pcl_processing', 'merge_install': False, 'path': '/home/asl-bird/catkin_ws/src/pcl_processing', 'symlink_install': False, 'test_result_base': None}
[2.662s] INFO:colcon.colcon_core.executor:Executing jobs using 'parallel' executor
[2.693s] DEBUG:colcon.colcon_parallel_executor.executor.parallel:run_until_complete
[2.695s] INFO:colcon.colcon_ros.task.ament_cmake.build:Building ROS package in '/home/asl-bird/catkin_ws/src/pcl_processing' with build type 'ament_cmake'
[2.696s] INFO:colcon.colcon_cmake.task.cmake.build:Building CMake package in '/home/asl-bird/catkin_ws/src/pcl_processing'
[2.726s] INFO:colcon.colcon_core.plugin_system:Skipping extension 'colcon_core.shell.bat': Not used on non-Windows systems
[2.727s] INFO:colcon.colcon_core.shell:Skip shell extension 'powershell' for command environment: Not usable outside of PowerShell
[2.727s] DEBUG:colcon.colcon_core.shell:Skip shell extension 'dsv' for command environment
[2.804s] DEBUG:colcon.colcon_core.event_handler.log_command:Invoking command in '/home/asl-bird/catkin_ws/src/pcl_processing/build/pcl_processing': CMAKE_PREFIX_PATH=/opt/ros/foxy /usr/bin/cmake /home/asl-bird/catkin_ws/src/pcl_processing -DCMAKE_INSTALL_PREFIX=/home/asl-bird/catkin_ws/src/pcl_processing/install/pcl_processing
[15.300s] DEBUG:colcon.colcon_core.event_handler.log_command:Invoked command in '/home/asl-bird/catkin_ws/src/pcl_processing/build/pcl_processing' returned '1': CMAKE_PREFIX_PATH=/opt/ros/foxy /usr/bin/cmake /home/asl-bird/catkin_ws/src/pcl_processing -DCMAKE_INSTALL_PREFIX=/home/asl-bird/catkin_ws/src/pcl_processing/install/pcl_processing
[15.392s] Level 1:colcon.colcon_core.environment:create_environment_scripts_only(pcl_processing)
[15.441s] Level 1:colcon.colcon_core.environment:checking '/home/asl-bird/catkin_ws/src/pcl_processing/install/pcl_processing' for CMake module files
[15.443s] Level 1:colcon.colcon_core.environment:checking '/home/asl-bird/catkin_ws/src/pcl_processing/install/pcl_processing' for CMake config files
[15.445s] Level 1:colcon.colcon_core.environment:checking '/home/asl-bird/catkin_ws/src/pcl_processing/install/pcl_processing/bin'
[15.446s] Level 1:colcon.colcon_core.environment:checking '/home/asl-bird/catkin_ws/src/pcl_processing/install/pcl_processing/lib/pkgconfig/pcl_processing.pc'
[15.447s] Level 1:colcon.colcon_core.environment:checking '/home/asl-bird/catkin_ws/src/pcl_processing/install/pcl_processing/lib/python3.8/site-packages'
[15.448s] Level 1:colcon.colcon_core.environment:checking '/home/asl-bird/catkin_ws/src/pcl_processing/install/pcl_processing/bin'
[15.461s] INFO:colcon.colcon_core.shell:Creating package script '/home/asl-bird/catkin_ws/src/pcl_processing/install/pcl_processing/share/pcl_processing/package.ps1'
[15.467s] INFO:colcon.colcon_core.shell:Creating package descriptor '/home/asl-bird/catkin_ws/src/pcl_processing/install/pcl_processing/share/pcl_processing/package.dsv'
[15.469s] INFO:colcon.colcon_core.shell:Creating package script '/home/asl-bird/catkin_ws/src/pcl_processing/install/pcl_processing/share/pcl_processing/package.sh'
[15.472s] INFO:colcon.colcon_core.shell:Creating package script '/home/asl-bird/catkin_ws/src/pcl_processing/install/pcl_processing/share/pcl_processing/package.bash'
[15.476s] INFO:colcon.colcon_core.shell:Creating package script '/home/asl-bird/catkin_ws/src/pcl_processing/install/pcl_processing/share/pcl_processing/package.zsh'
[15.479s] Level 1:colcon.colcon_core.environment:create_file_with_runtime_dependencies(/home/asl-bird/catkin_ws/src/pcl_processing/install/pcl_processing/share/colcon-core/packages/pcl_processing)
[15.491s] DEBUG:colcon.colcon_parallel_executor.executor.parallel:closing loop
[15.492s] DEBUG:colcon.colcon_parallel_executor.executor.parallel:loop closed
[15.493s] DEBUG:colcon.colcon_parallel_executor.executor.parallel:run_until_complete finished with '1'
[15.493s] DEBUG:colcon.colcon_core.event_reactor:joining thread
[15.524s] INFO:colcon.colcon_core.plugin_system:Skipping extension 'colcon_notification.desktop_notification.terminal_notifier': Not used on non-Darwin systems
[15.524s] INFO:colcon.colcon_core.plugin_system:Skipping extension 'colcon_notification.desktop_notification.win32': Not used on non-Windows systems
[15.525s] INFO:colcon.colcon_notification.desktop_notification:Sending desktop notification using 'notify2'
[15.626s] DEBUG:colcon.colcon_core.event_reactor:joined thread
[15.644s] INFO:colcon.colcon_core.shell:Creating prefix script '/home/asl-bird/catkin_ws/src/pcl_processing/install/local_setup.ps1'
[15.648s] INFO:colcon.colcon_core.shell:Creating prefix util module '/home/asl-bird/catkin_ws/src/pcl_processing/install/_local_setup_util_ps1.py'
[15.655s] INFO:colcon.colcon_core.shell:Creating prefix chain script '/home/asl-bird/catkin_ws/src/pcl_processing/install/setup.ps1'
[15.663s] INFO:colcon.colcon_core.shell:Creating prefix script '/home/asl-bird/catkin_ws/src/pcl_processing/install/local_setup.sh'
[15.665s] INFO:colcon.colcon_core.shell:Creating prefix util module '/home/asl-bird/catkin_ws/src/pcl_processing/install/_local_setup_util_sh.py'
[15.668s] INFO:colcon.colcon_core.shell:Creating prefix chain script '/home/asl-bird/catkin_ws/src/pcl_processing/install/setup.sh'
[15.676s] INFO:colcon.colcon_core.shell:Creating prefix script '/home/asl-bird/catkin_ws/src/pcl_processing/install/local_setup.bash'
[15.678s] INFO:colcon.colcon_core.shell:Creating prefix chain script '/home/asl-bird/catkin_ws/src/pcl_processing/install/setup.bash'
[15.686s] INFO:colcon.colcon_core.shell:Creating prefix script '/home/asl-bird/catkin_ws/src/pcl_processing/install/local_setup.zsh'
[15.689s] INFO:colcon.colcon_core.shell:Creating prefix chain script '/home/asl-bird/catkin_ws/src/pcl_processing/install/setup.zsh'
