[1.825s] DEBUG:colcon:Command line arguments: ['/usr/bin/colcon', 'build', '--packages-select', 'pcl_processing']
[1.826s] DEBUG:colcon:Parsed command line arguments: Namespace(allow_overriding=[], ament_cmake_args=None, base_paths=['.'], build_base='build', catkin_cmake_args=None, catkin_skip_building_tests=False, cmake_args=None, cmake_clean_cache=False, cmake_clean_first=False, cmake_force_configure=False, cmake_target=None, cmake_target_skip_unavailable=False, continue_on_error=False, event_handlers=None, executor='parallel', ignore_user_meta=False, install_base='install', log_base=None, log_level=None, main=<bound method BuildVerb.main of <colcon_core.verb.build.BuildVerb object at 0xffff8d8a5730>>, merge_install=False, metas=['./colcon.meta'], packages_above=None, packages_above_and_dependencies=None, packages_above_depth=None, packages_end=None, packages_ignore=None, packages_ignore_regex=None, packages_select=['pcl_processing'], packages_select_build_failed=False, packages_select_by_dep=None, packages_select_regex=None, packages_select_test_failures=False, packages_skip=None, packages_skip_build_finished=False, packages_skip_by_dep=None, packages_skip_regex=None, packages_skip_test_passed=False, packages_skip_up_to=None, packages_start=None, packages_up_to=None, packages_up_to_regex=None, parallel_workers=6, paths=None, symlink_install=False, test_result_base=None, verb_extension=<colcon_core.verb.build.BuildVerb object at 0xffff8d8a5730>, verb_name='build', verb_parser=<colcon_defaults.argument_parser.defaults.DefaultArgumentsDecorator object at 0xffff8d8a5c70>)
[2.007s] Level 1:colcon.colcon_core.package_discovery:discover_packages(colcon_meta) check parameters
[2.008s] Level 1:colcon.colcon_core.package_discovery:discover_packages(recursive) check parameters
[2.008s] Level 1:colcon.colcon_core.package_discovery:discover_packages(ignore) check parameters
[2.009s] Level 1:colcon.colcon_core.package_discovery:discover_packages(path) check parameters
[2.009s] Level 1:colcon.colcon_core.package_discovery:discover_packages(colcon_meta) discover
[2.009s] Level 1:colcon.colcon_core.package_discovery:discover_packages(recursive) discover
[2.009s] INFO:colcon.colcon_core.package_discovery:Crawling recursively for packages in '/home/asl-bird/catkin_ws/src/pcl_processing'
[2.010s] Level 1:colcon.colcon_core.package_identification:_identify(.) by extensions ['ignore', 'ignore_ament_install']
[2.011s] Level 1:colcon.colcon_core.package_identification:_identify(.) by extension 'ignore'
[2.011s] Level 1:colcon.colcon_core.package_identification:_identify(.) by extension 'ignore_ament_install'
[2.011s] Level 1:colcon.colcon_core.package_identification:_identify(.) by extensions ['colcon_pkg']
[2.011s] Level 1:colcon.colcon_core.package_identification:_identify(.) by extension 'colcon_pkg'
[2.012s] Level 1:colcon.colcon_core.package_identification:_identify(.) by extensions ['colcon_meta']
[2.012s] Level 1:colcon.colcon_core.package_identification:_identify(.) by extension 'colcon_meta'
[2.012s] Level 1:colcon.colcon_core.package_identification:_identify(.) by extensions ['ros']
[2.012s] Level 1:colcon.colcon_core.package_identification:_identify(.) by extension 'ros'
[2.082s] DEBUG:colcon.colcon_core.package_identification:Package '.' with type 'ros.ament_cmake' and name 'pcl_processing'
[2.083s] Level 1:colcon.colcon_core.package_discovery:discover_packages(recursive) using defaults
[2.083s] Level 1:colcon.colcon_core.package_discovery:discover_packages(ignore) discover
[2.083s] Level 1:colcon.colcon_core.package_discovery:discover_packages(ignore) using defaults
[2.083s] Level 1:colcon.colcon_core.package_discovery:discover_packages(path) discover
[2.084s] Level 1:colcon.colcon_core.package_discovery:discover_packages(path) using defaults
[2.196s] Level 1:colcon.colcon_core.package_discovery:discover_packages(prefix_path) check parameters
[2.196s] Level 1:colcon.colcon_core.package_discovery:discover_packages(prefix_path) discover
[2.220s] DEBUG:colcon.colcon_installed_package_information.package_discovery:Found 265 installed packages in /opt/ros/foxy
[2.231s] Level 1:colcon.colcon_core.package_discovery:discover_packages(prefix_path) using defaults
[2.614s] Level 5:colcon.colcon_core.verb:set package 'pcl_processing' build argument 'cmake_args' from command line to 'None'
[2.614s] Level 5:colcon.colcon_core.verb:set package 'pcl_processing' build argument 'cmake_target' from command line to 'None'
[2.614s] Level 5:colcon.colcon_core.verb:set package 'pcl_processing' build argument 'cmake_target_skip_unavailable' from command line to 'False'
[2.614s] Level 5:colcon.colcon_core.verb:set package 'pcl_processing' build argument 'cmake_clean_cache' from command line to 'False'
[2.615s] Level 5:colcon.colcon_core.verb:set package 'pcl_processing' build argument 'cmake_clean_first' from command line to 'False'
[2.615s] Level 5:colcon.colcon_core.verb:set package 'pcl_processing' build argument 'cmake_force_configure' from command line to 'False'
[2.615s] Level 5:colcon.colcon_core.verb:set package 'pcl_processing' build argument 'ament_cmake_args' from command line to 'None'
[2.615s] Level 5:colcon.colcon_core.verb:set package 'pcl_processing' build argument 'catkin_cmake_args' from command line to 'None'
[2.615s] Level 5:colcon.colcon_core.verb:set package 'pcl_processing' build argument 'catkin_skip_building_tests' from command line to 'False'
[2.615s] DEBUG:colcon.colcon_core.verb:Building package 'pcl_processing' with the following arguments: {'ament_cmake_args': None, 'build_base': '/home/asl-bird/catkin_ws/src/pcl_processing/build/pcl_processing', 'catkin_cmake_args': None, 'catkin_skip_building_tests': False, 'cmake_args': None, 'cmake_clean_cache': False, 'cmake_clean_first': False, 'cmake_force_configure': False, 'cmake_target': None, 'cmake_target_skip_unavailable': False, 'install_base': '/home/asl-bird/catkin_ws/src/pcl_processing/install/pcl_processing', 'merge_install': False, 'path': '/home/asl-bird/catkin_ws/src/pcl_processing', 'symlink_install': False, 'test_result_base': None}
[2.621s] INFO:colcon.colcon_core.executor:Executing jobs using 'parallel' executor
[2.651s] DEBUG:colcon.colcon_parallel_executor.executor.parallel:run_until_complete
[2.653s] INFO:colcon.colcon_ros.task.ament_cmake.build:Building ROS package in '/home/asl-bird/catkin_ws/src/pcl_processing' with build type 'ament_cmake'
[2.654s] INFO:colcon.colcon_cmake.task.cmake.build:Building CMake package in '/home/asl-bird/catkin_ws/src/pcl_processing'
[2.682s] INFO:colcon.colcon_core.plugin_system:Skipping extension 'colcon_core.shell.bat': Not used on non-Windows systems
[2.683s] INFO:colcon.colcon_core.shell:Skip shell extension 'powershell' for command environment: Not usable outside of PowerShell
[2.684s] DEBUG:colcon.colcon_core.shell:Skip shell extension 'dsv' for command environment
[2.761s] DEBUG:colcon.colcon_core.event_handler.log_command:Invoking command in '/home/asl-bird/catkin_ws/src/pcl_processing/build/pcl_processing': CMAKE_PREFIX_PATH=/opt/ros/foxy /usr/bin/cmake /home/asl-bird/catkin_ws/src/pcl_processing -DCMAKE_INSTALL_PREFIX=/home/asl-bird/catkin_ws/src/pcl_processing/install/pcl_processing
[9.118s] DEBUG:colcon.colcon_core.event_handler.log_command:Invoked command in '/home/asl-bird/catkin_ws/src/pcl_processing/build/pcl_processing' returned '0': CMAKE_PREFIX_PATH=/opt/ros/foxy /usr/bin/cmake /home/asl-bird/catkin_ws/src/pcl_processing -DCMAKE_INSTALL_PREFIX=/home/asl-bird/catkin_ws/src/pcl_processing/install/pcl_processing
[9.143s] DEBUG:colcon.colcon_core.event_handler.log_command:Invoking command in '/home/asl-bird/catkin_ws/src/pcl_processing/build/pcl_processing': CMAKE_PREFIX_PATH=/opt/ros/foxy /usr/bin/cmake --build /home/asl-bird/catkin_ws/src/pcl_processing/build/pcl_processing -- -j6 -l6
[75.701s] DEBUG:colcon.colcon_core.event_handler.log_command:Invoked command in '/home/asl-bird/catkin_ws/src/pcl_processing/build/pcl_processing' returned '2': CMAKE_PREFIX_PATH=/opt/ros/foxy /usr/bin/cmake --build /home/asl-bird/catkin_ws/src/pcl_processing/build/pcl_processing -- -j6 -l6
[75.873s] Level 1:colcon.colcon_core.environment:create_environment_scripts_only(pcl_processing)
[75.914s] Level 1:colcon.colcon_core.environment:checking '/home/asl-bird/catkin_ws/src/pcl_processing/install/pcl_processing' for CMake module files
[75.917s] Level 1:colcon.colcon_core.environment:checking '/home/asl-bird/catkin_ws/src/pcl_processing/install/pcl_processing' for CMake config files
[75.921s] Level 1:colcon.colcon_core.environment:checking '/home/asl-bird/catkin_ws/src/pcl_processing/install/pcl_processing/bin'
[75.921s] Level 1:colcon.colcon_core.environment:checking '/home/asl-bird/catkin_ws/src/pcl_processing/install/pcl_processing/lib/pkgconfig/pcl_processing.pc'
[75.923s] Level 1:colcon.colcon_core.environment:checking '/home/asl-bird/catkin_ws/src/pcl_processing/install/pcl_processing/lib/python3.8/site-packages'
[75.924s] Level 1:colcon.colcon_core.environment:checking '/home/asl-bird/catkin_ws/src/pcl_processing/install/pcl_processing/bin'
[75.937s] INFO:colcon.colcon_core.shell:Creating package script '/home/asl-bird/catkin_ws/src/pcl_processing/install/pcl_processing/share/pcl_processing/package.ps1'
[75.942s] INFO:colcon.colcon_core.shell:Creating package descriptor '/home/asl-bird/catkin_ws/src/pcl_processing/install/pcl_processing/share/pcl_processing/package.dsv'
[75.945s] INFO:colcon.colcon_core.shell:Creating package script '/home/asl-bird/catkin_ws/src/pcl_processing/install/pcl_processing/share/pcl_processing/package.sh'
[75.950s] INFO:colcon.colcon_core.shell:Creating package script '/home/asl-bird/catkin_ws/src/pcl_processing/install/pcl_processing/share/pcl_processing/package.bash'
[75.953s] INFO:colcon.colcon_core.shell:Creating package script '/home/asl-bird/catkin_ws/src/pcl_processing/install/pcl_processing/share/pcl_processing/package.zsh'
[75.957s] Level 1:colcon.colcon_core.environment:create_file_with_runtime_dependencies(/home/asl-bird/catkin_ws/src/pcl_processing/install/pcl_processing/share/colcon-core/packages/pcl_processing)
[75.970s] DEBUG:colcon.colcon_parallel_executor.executor.parallel:closing loop
[75.970s] DEBUG:colcon.colcon_parallel_executor.executor.parallel:loop closed
[75.971s] DEBUG:colcon.colcon_parallel_executor.executor.parallel:run_until_complete finished with '2'
[75.971s] DEBUG:colcon.colcon_core.event_reactor:joining thread
[76.001s] INFO:colcon.colcon_core.plugin_system:Skipping extension 'colcon_notification.desktop_notification.terminal_notifier': Not used on non-Darwin systems
[76.001s] INFO:colcon.colcon_core.plugin_system:Skipping extension 'colcon_notification.desktop_notification.win32': Not used on non-Windows systems
[76.001s] INFO:colcon.colcon_notification.desktop_notification:Sending desktop notification using 'notify2'
[76.098s] DEBUG:colcon.colcon_core.event_reactor:joined thread
[76.113s] INFO:colcon.colcon_core.shell:Creating prefix script '/home/asl-bird/catkin_ws/src/pcl_processing/install/local_setup.ps1'
[76.117s] INFO:colcon.colcon_core.shell:Creating prefix util module '/home/asl-bird/catkin_ws/src/pcl_processing/install/_local_setup_util_ps1.py'
[76.124s] INFO:colcon.colcon_core.shell:Creating prefix chain script '/home/asl-bird/catkin_ws/src/pcl_processing/install/setup.ps1'
[76.132s] INFO:colcon.colcon_core.shell:Creating prefix script '/home/asl-bird/catkin_ws/src/pcl_processing/install/local_setup.sh'
[76.135s] INFO:colcon.colcon_core.shell:Creating prefix util module '/home/asl-bird/catkin_ws/src/pcl_processing/install/_local_setup_util_sh.py'
[76.138s] INFO:colcon.colcon_core.shell:Creating prefix chain script '/home/asl-bird/catkin_ws/src/pcl_processing/install/setup.sh'
[76.146s] INFO:colcon.colcon_core.shell:Creating prefix script '/home/asl-bird/catkin_ws/src/pcl_processing/install/local_setup.bash'
[76.149s] INFO:colcon.colcon_core.shell:Creating prefix chain script '/home/asl-bird/catkin_ws/src/pcl_processing/install/setup.bash'
[76.156s] INFO:colcon.colcon_core.shell:Creating prefix script '/home/asl-bird/catkin_ws/src/pcl_processing/install/local_setup.zsh'
[76.159s] INFO:colcon.colcon_core.shell:Creating prefix chain script '/home/asl-bird/catkin_ws/src/pcl_processing/install/setup.zsh'
